<?xml version="1.0" encoding="UTF-8"?>
<!-- Generated by org.testng.reporters.JUnitReportReporter -->
<testsuite hostname="NghiaPC" failures="0" tests="3" name="test.computer.BuyingCheapComputerTest" time="46.785" errors="0" timestamp="2023-11-11T11:05:35 ICT" skipped="0">
  <testcase classname="test.computer.BuyingCheapComputerTest" name="testCheapComputerBuying" time="14.054"/>
  <testcase classname="test.computer.BuyingCheapComputerTest" name="testCheapComputerBuying" time="16.130"/>
  <testcase classname="test.computer.BuyingCheapComputerTest" name="testCheapComputerBuying" time="16.601"/>
</testsuite> <!-- test.computer.BuyingCheapComputerTest -->
