<?xml version="1.0" encoding="UTF-8"?>
<!-- Generated by org.testng.reporters.JUnitReportReporter -->
<testsuite hostname="DESKTOP-K4P8AR3" failures="0" tests="3" name="test.computer.BuyingCheapComputerTest" time="60.167" errors="0" timestamp="2023-11-07T20:47:13 ICT" skipped="0">
  <testcase classname="test.computer.BuyingCheapComputerTest" name="testCheapComputerBuying" time="25.924"/>
  <testcase classname="test.computer.BuyingCheapComputerTest" name="testCheapComputerBuying" time="17.576"/>
  <testcase classname="test.computer.BuyingCheapComputerTest" name="testCheapComputerBuying" time="16.667"/>
</testsuite> <!-- test.computer.BuyingCheapComputerTest -->
