<?xml version="1.0" encoding="UTF-8"?>
<!-- Generated by org.testng.reporters.JUnitReportReporter -->
<testsuite hostname="NghiaPC" failures="0" tests="4" name="test.footer.FooterTest" time="7.510" errors="0" timestamp="2023-11-11T16:17:28 ICT" skipped="0">
  <testcase classname="test.footer.FooterTest" name="testFooterRegisterPage" time="0.000"/>
  <testcase classname="test.footer.FooterTest" name="testFooterCategoryPage" time="6.467"/>
  <testcase classname="test.footer.FooterTest" name="testFooterLoginPage" time="0.002"/>
  <testcase classname="test.footer.FooterTest" name="testFooterHomePage" time="1.041"/>
</testsuite> <!-- test.footer.FooterTest -->
