<?xml version="1.0" encoding="UTF-8"?>
<!-- Generated by org.testng.reporters.JUnitReportReporter -->
<testsuite hostname="NghiaPC" failures="0" tests="4" name="test.footer.FooterTest" time="7.324" errors="0" timestamp="2023-11-11T10:11:57 ICT" skipped="0">
  <testcase classname="test.footer.FooterTest" name="testFooterLoginPage" time="0.000"/>
  <testcase classname="test.footer.FooterTest" name="testFooterHomePage" time="1.037"/>
  <testcase classname="test.footer.FooterTest" name="testFooterRegisterPage" time="0.001"/>
  <testcase classname="test.footer.FooterTest" name="testFooterCategoryPage" time="6.286"/>
</testsuite> <!-- test.footer.FooterTest -->
