<?xml version="1.0" encoding="UTF-8"?>
<!-- Generated by org.testng.reporters.JUnitReportReporter -->
<testsuite hostname="DESKTOP-K4P8AR3" failures="0" tests="3" name="test.computer.BuyingStandardComputerTest" time="59.806" errors="0" timestamp="2023-11-07T20:47:13 ICT" skipped="0">
  <testcase classname="test.computer.BuyingStandardComputerTest" name="testStandardComputerBuying" time="25.952"/>
  <testcase classname="test.computer.BuyingStandardComputerTest" name="testStandardComputerBuying" time="17.426"/>
  <testcase classname="test.computer.BuyingStandardComputerTest" name="testStandardComputerBuying" time="16.428"/>
</testsuite> <!-- test.computer.BuyingStandardComputerTest -->
