<?xml version="1.0" encoding="UTF-8"?>
<!-- Generated by org.testng.reporters.JUnitReportReporter -->
<testsuite hostname="NghiaPC" failures="0" tests="3" name="test.computer.BuyingStandardComputerTest" time="55.172" errors="0" timestamp="2023-11-11T10:11:57 ICT" skipped="0">
  <testcase classname="test.computer.BuyingStandardComputerTest" name="testStandardComputerBuying" time="18.581"/>
  <testcase classname="test.computer.BuyingStandardComputerTest" name="testStandardComputerBuying" time="16.211"/>
  <testcase classname="test.computer.BuyingStandardComputerTest" name="testStandardComputerBuying" time="20.380"/>
</testsuite> <!-- test.computer.BuyingStandardComputerTest -->
