<?xml version="1.0" encoding="UTF-8"?>
<!-- Generated by org.testng.reporters.JUnitReportReporter -->
<testsuite hostname="DESKTOP-K4P8AR3" failures="0" tests="4" name="test.footer.FooterTest" time="12.727" errors="0" timestamp="2023-11-07T20:47:13 ICT" skipped="0">
  <testcase classname="test.footer.FooterTest" name="testFooterRegisterPage" time="0.002"/>
  <testcase classname="test.footer.FooterTest" name="testFooterLoginPage" time="0.002"/>
  <testcase classname="test.footer.FooterTest" name="testFooterHomePage" time="1.571"/>
  <testcase classname="test.footer.FooterTest" name="testFooterCategoryPage" time="11.152"/>
</testsuite> <!-- test.footer.FooterTest -->
